2017-11-06 12:08:46,779 - unpack_file - INFO - D:\job_python_project\asd.zip
2017-11-06 12:08:46,840 - unpack_file - INFO - D:\job_python_project\job_python_project.zip
2017-11-06 12:08:46,887 - unpack_file - INFO - D:\job_python_project\day2017_10_23\coexpression_network_data.zip
2017-11-06 12:08:46,941 - unpack_file - INFO - D:\job_python_project\day2017_10_23\net_work_json_data.zip
2017-11-06 12:08:47,028 - unpack_file - INFO - D:\job_python_project\day2017_10_23\specimen.all_projects.tsv.gz
2017-11-06 22:20:15,881 - unpack_file - INFO - D:\python\test.zip
2017-11-06 22:20:15,897 - unpack_file - INFO - D:\python\爬虫\07-Dictionaries and Sets.zip
2017-11-06 22:20:15,935 - unpack_file - INFO - D:\python\网络数据分析\数据分析需要知识储备.zip
2017-11-06 22:25:36,327 - unpack_file - INFO - D:\python\test.zip
2017-11-06 22:25:36,358 - unpack_file - INFO - D:\python\爬虫\07-Dictionaries and Sets.zip
2017-11-06 22:25:36,374 - unpack_file - INFO - D:\python\网络数据分析\数据分析需要知识储备.zip
2017-11-06 22:27:22,559 - unpack_file - INFO - D:\python\test.zip
2017-11-06 22:27:22,575 - unpack_file - INFO - D:\python\爬虫\07-Dictionaries and Sets.zip
2017-11-06 22:27:22,606 - unpack_file - INFO - D:\python\网络数据分析\数据分析需要知识储备.zip
2017-11-06 22:28:19,484 - unpack_file - INFO - D:\python\test.zip
2017-11-06 22:28:19,500 - unpack_file - INFO - D:\python\爬虫\07-Dictionaries and Sets.zip
2017-11-06 22:28:19,531 - unpack_file - INFO - D:\python\网络数据分析\数据分析需要知识储备.zip
2017-11-06 22:31:32,699 - unpack_file - INFO - D:\python\test.zip
2017-11-06 22:31:32,730 - unpack_file - INFO - D:\python\爬虫\07-Dictionaries and Sets.zip
2017-11-06 22:31:32,746 - unpack_file - INFO - D:\python\网络数据分析\数据分析需要知识储备.zip
2017-11-06 22:33:49,719 - unpack_file - INFO - D:\python\test.zip
2017-11-06 22:33:49,734 - unpack_file - INFO - D:\python\爬虫\07-Dictionaries and Sets.zip
2017-11-06 22:33:49,766 - unpack_file - INFO - D:\python\网络数据分析\数据分析需要知识储备.zip
2017-11-06 22:36:36,512 - unpack_file - INFO - D:\python\test.zip
2017-11-06 22:36:36,544 - unpack_file - INFO - D:\python\爬虫\07-Dictionaries and Sets.zip
2017-11-06 22:36:36,565 - unpack_file - INFO - D:\python\网络数据分析\数据分析需要知识储备.zip
2017-11-06 22:36:45,005 - unpack_file - INFO - D:\python\test.zip
2017-11-06 22:36:45,036 - unpack_file - INFO - D:\python\爬虫\07-Dictionaries and Sets.zip
2017-11-06 22:36:45,051 - unpack_file - INFO - D:\python\网络数据分析\数据分析需要知识储备.zip
2017-11-06 22:40:13,237 - unpack_file - INFO - D:\python\test.zip
2017-11-06 22:40:13,253 - unpack_file - INFO - D:\python\爬虫\07-Dictionaries and Sets.zip
2017-11-06 22:40:13,289 - unpack_file - INFO - D:\python\网络数据分析\数据分析需要知识储备.zip
2017-11-06 22:42:36,476 - unpack_file - INFO - D:\python\test.zip
2017-11-06 22:42:36,560 - unpack_file - INFO - D:\python\爬虫\07-Dictionaries and Sets.zip
2017-11-06 22:42:36,591 - unpack_file - INFO - D:\python\网络数据分析\数据分析需要知识储备.zip
2017-11-06 22:46:12,736 - unpack_file - INFO - D:\python\test.zip
2017-11-06 22:46:12,768 - unpack_file - INFO - D:\python\爬虫\07-Dictionaries and Sets.zip
2017-11-06 22:46:12,799 - unpack_file - INFO - D:\python\网络数据分析\数据分析需要知识储备.zip
2017-12-22 17:07:22,788 - unpack_file - INFO - /mnt/ilustre/users/an.yin/Genetic_disease/dbSNP/All_20170710.vcf.gz
2017-12-22 17:08:52,952 - unpack_file - INFO - /mnt/ilustre/users/an.yin/Genetic_disease/dbSNP/All_20170710.vcf.gz
